  DllMain.cpp
  Aimbot.cpp
  AnimFix.cpp
  Anti-Aimbot.cpp
  AutoAirblast.cpp
  AutoDetonate.cpp
  AutoMedic.cpp
  AutoVacc.cpp
  Confidence.cpp
  CritHacks.cpp
  Engine.cpp
  ESP.cpp
  Events.cpp
  LagComp.cpp
  Legitbob.cpp
  MeleeBob.cpp
  Input.cpp
  json.cpp
  Menu.cpp
  Widgets.cpp
  Misc.cpp
  Wave.cpp
  Models.cpp
  NoSpread.cpp
  Notifications.cpp
  Outlines.cpp
  Movement.cpp
  ProjectileSim.cpp
  Projectile.cpp
  Visuals.cpp
  Framework.cpp
  HookList.cpp
  Hooks.cpp
  MD5.cpp
  AnimState.cpp
  Beams.cpp
  Bitbuf.cpp
  CBaseHandle.cpp
  CTFGCClient.cpp
  CUtlVector.cpp
  KeyValues.cpp
  Surface.cpp
  TF2.cpp
  DrawTools.cpp
  Entities.cpp
  EngineTrace.cpp
  NetVars.cpp
  buffer.c
  hde32.c
  hde64.c
  hook.c
  trampoline.c
     Creating library C:\Users\matun\source\repos\ateris-technologies\Debug\ateris.lib and object C:\Users\matun\source\repos\ateris-technologies\Debug\ateris.exp
  ateris-internal.vcxproj -> C:\Users\matun\source\repos\ateris-technologies\Debug\ateris.dll
